app/build/outputs/logs/manifest-merger-release-report.txt
-- Merging decision tree log ---
manifest
ADDED from src/main/AndroidManifest.xml:2:1-48:12
	package
		ADDED from src/main/AndroidManifest.xml:3:5-38
		INJECTED from src/main/AndroidManifest.xml
		INJECTED from src/main/AndroidManifest.xml
	android:versionName
		ADDED from src/main/AndroidManifest.xml:5:5-30
		INJECTED from src/main/AndroidManifest.xml
		INJECTED from src/main/AndroidManifest.xml
	android:versionCode
		ADDED from src/main/AndroidManifest.xml:4:5-28
		INJECTED from src/main/AndroidManifest.xml
		INJECTED from src/main/AndroidManifest.xml
	xmlns:android
		ADDED from src/main/AndroidManifest.xml:2:11-69
uses-sdk
ADDED from src/main/AndroidManifest.xml:7:5-44
	android:targetSdkVersion
		INJECTED from src/main/AndroidManifest.xml
		INJECTED from src/main/AndroidManifest.xml
	android:minSdkVersion
		ADDED from src/main/AndroidManifest.xml:7:15-41
		INJECTED from src/main/AndroidManifest.xml
		INJECTED from src/main/AndroidManifest.xml
uses-permission#android.permission.WRITE_EXTERNAL_STORAGE
ADDED from src/main/AndroidManifest.xml:9:5-81
	android:name
		ADDED from src/main/AndroidManifest.xml:9:22-78
application
ADDED from src/main/AndroidManifest.xml:11:5-46:19
	android:label
		ADDED from src/main/AndroidManifest.xml:13:9-42
	android:icon
		ADDED from src/main/AndroidManifest.xml:12:9-43
	android:theme
		ADDED from src/main/AndroidManifest.xml:15:9-56
	android:name
		ADDED from src/main/AndroidManifest.xml:14:9-37
activity#org.sh.homeplate.mobile.Welcome
ADDED from src/main/AndroidManifest.xml:16:9-24:20
	android:label
		ADDED from src/main/AndroidManifest.xml:18:13-46
	android:name
		ADDED from src/main/AndroidManifest.xml:17:13-36
intent-filter#android.intent.action.MAIN+android.intent.category.LAUNCHER
ADDED from src/main/AndroidManifest.xml:19:13-23:29
action#android.intent.action.MAIN
ADDED from src/main/AndroidManifest.xml:20:17-69
	android:name
		ADDED from src/main/AndroidManifest.xml:20:25-66
category#android.intent.category.LAUNCHER
ADDED from src/main/AndroidManifest.xml:22:17-77
	android:name
		ADDED from src/main/AndroidManifest.xml:22:27-74
activity#org.sh.homeplate.mobile.DriverSelect
ADDED from src/main/AndroidManifest.xml:25:9-27:49
	android:label
		ADDED from src/main/AndroidManifest.xml:27:13-46
	android:name
		ADDED from src/main/AndroidManifest.xml:26:13-41
activity#org.sh.homeplate.mobile.RouteView
ADDED from src/main/AndroidManifest.xml:28:9-30:49
	android:label
		ADDED from src/main/AndroidManifest.xml:30:13-46
	android:name
		ADDED from src/main/AndroidManifest.xml:29:13-38
activity#org.sh.homeplate.mobile.Summary
ADDED from src/main/AndroidManifest.xml:31:9-33:49
	android:label
		ADDED from src/main/AndroidManifest.xml:33:13-46
	android:name
		ADDED from src/main/AndroidManifest.xml:32:13-36
activity#org.sh.homeplate.mobile.Weight
ADDED from src/main/AndroidManifest.xml:34:9-37:70
	android:label
		ADDED from src/main/AndroidManifest.xml:36:13-55
	android:theme
		ADDED from src/main/AndroidManifest.xml:37:13-67
	android:name
		ADDED from src/main/AndroidManifest.xml:35:13-35
activity#org.sh.homeplate.mobile.CreateStop
ADDED from src/main/AndroidManifest.xml:38:9-41:57
	android:label
		ADDED from src/main/AndroidManifest.xml:40:13-51
	android:windowSoftInputMode
		ADDED from src/main/AndroidManifest.xml:41:13-54
	android:name
		ADDED from src/main/AndroidManifest.xml:39:13-39
activity#org.sh.homeplate.mobile.SignOff
ADDED from src/main/AndroidManifest.xml:42:9-45:70
	android:label
		ADDED from src/main/AndroidManifest.xml:44:13-46
	android:theme
		ADDED from src/main/AndroidManifest.xml:45:13-67
	android:name
		ADDED from src/main/AndroidManifest.xml:43:13-36